[20-Oct-2023 12:10:31] NOTICE: fpm is running, pid 5519
[20-Oct-2023 12:10:31] NOTICE: ready to handle connections
[20-Oct-2023 16:37:21] NOTICE: Terminating ...
[20-Oct-2023 16:37:21] NOTICE: Terminating ...
[20-Oct-2023 16:37:21] NOTICE: exiting, bye-bye!
[20-Oct-2023 19:59:14] NOTICE: fpm is running, pid 967
[20-Oct-2023 19:59:14] NOTICE: ready to handle connections
[20-Oct-2023 21:52:32] NOTICE: Terminating ...
[20-Oct-2023 21:52:32] NOTICE: Terminating ...
[20-Oct-2023 21:52:32] NOTICE: exiting, bye-bye!
[10-Nov-2023 14:20:11] NOTICE: fpm is running, pid 6621
[10-Nov-2023 14:20:11] NOTICE: ready to handle connections
[10-Nov-2023 16:48:27] NOTICE: Terminating ...
[10-Nov-2023 16:48:27] NOTICE: Terminating ...
[10-Nov-2023 16:48:27] NOTICE: exiting, bye-bye!
[13-Nov-2023 13:47:15] NOTICE: fpm is running, pid 4968
[13-Nov-2023 13:47:15] NOTICE: ready to handle connections
[13-Nov-2023 19:48:51] NOTICE: Terminating ...
[13-Nov-2023 19:48:51] NOTICE: Terminating ...
[13-Nov-2023 19:48:52] NOTICE: exiting, bye-bye!
[14-Nov-2023 13:30:20] NOTICE: fpm is running, pid 5874
[14-Nov-2023 13:30:20] NOTICE: ready to handle connections
[14-Nov-2023 13:30:56] NOTICE: Terminating ...
[14-Nov-2023 13:30:56] NOTICE: Terminating ...
[14-Nov-2023 13:30:56] NOTICE: exiting, bye-bye!
[14-Nov-2023 13:30:58] NOTICE: fpm is running, pid 5938
[14-Nov-2023 13:30:58] NOTICE: ready to handle connections
[14-Nov-2023 13:31:47] NOTICE: Terminating ...
[14-Nov-2023 13:31:47] NOTICE: Terminating ...
[14-Nov-2023 13:31:47] NOTICE: exiting, bye-bye!
[14-Nov-2023 13:32:11] NOTICE: fpm is running, pid 6037
[14-Nov-2023 13:32:11] NOTICE: ready to handle connections
[14-Nov-2023 14:13:51] NOTICE: Terminating ...
[14-Nov-2023 14:13:51] NOTICE: Terminating ...
[14-Nov-2023 14:13:51] NOTICE: exiting, bye-bye!
[14-Nov-2023 19:37:44] NOTICE: fpm is running, pid 1417
[14-Nov-2023 19:37:44] NOTICE: ready to handle connections
[14-Nov-2023 20:41:27] NOTICE: Terminating ...
[14-Nov-2023 20:41:27] NOTICE: Terminating ...
[14-Nov-2023 20:41:27] NOTICE: exiting, bye-bye!
[15-Nov-2023 15:57:44] NOTICE: fpm is running, pid 8638
[15-Nov-2023 15:57:44] NOTICE: ready to handle connections
[15-Nov-2023 16:11:30] NOTICE: Terminating ...
[15-Nov-2023 16:11:30] NOTICE: Terminating ...
[15-Nov-2023 16:11:30] NOTICE: exiting, bye-bye!
[15-Nov-2023 19:35:48] NOTICE: fpm is running, pid 1210
[15-Nov-2023 19:35:48] NOTICE: ready to handle connections
[15-Nov-2023 21:15:02] NOTICE: Terminating ...
[15-Nov-2023 21:15:02] NOTICE: Terminating ...
[15-Nov-2023 21:15:02] NOTICE: exiting, bye-bye!
[16-Nov-2023 09:28:53] NOTICE: fpm is running, pid 1851
[16-Nov-2023 09:28:53] NOTICE: ready to handle connections
[16-Nov-2023 10:37:21] NOTICE: Terminating ...
[16-Nov-2023 10:37:21] NOTICE: Terminating ...
[16-Nov-2023 10:37:21] NOTICE: exiting, bye-bye!
[16-Nov-2023 14:56:49] NOTICE: fpm is running, pid 10908
[16-Nov-2023 14:56:49] NOTICE: ready to handle connections
[16-Nov-2023 16:18:02] NOTICE: Terminating ...
[16-Nov-2023 16:18:02] NOTICE: Terminating ...
[16-Nov-2023 16:18:02] NOTICE: exiting, bye-bye!
[17-Nov-2023 09:36:31] NOTICE: fpm is running, pid 1866
[17-Nov-2023 09:36:31] NOTICE: ready to handle connections
[17-Nov-2023 11:29:51] NOTICE: Terminating ...
[17-Nov-2023 11:29:51] NOTICE: Terminating ...
[17-Nov-2023 11:29:51] NOTICE: exiting, bye-bye!
[17-Nov-2023 11:33:37] NOTICE: fpm is running, pid 1011
[17-Nov-2023 11:33:37] NOTICE: ready to handle connections
